-------------------------------------------------------------------------------
Test set: com.lti.AppTest
-------------------------------------------------------------------------------
Tests run: 1, Failures: 1, Errors: 0, Skipped: 0, Time elapsed: 0.031 s <<< FAILURE! - in com.lti.AppTest
shouldAnswerWithTrue(com.lti.AppTest)  Time elapsed: 0.015 s  <<< FAILURE!
java.lang.AssertionError
	at com.lti.AppTest.shouldAnswerWithTrue(AppTest.java:17)

